<?xml version="1.0" encoding="UTF-8"?>
<testng-results skipped="1" failed="0" total="20" passed="19">
  <reporter-output>
  </reporter-output>
  <suite name="Default suite" duration-ms="101031" started-at="2019-09-05T18:54:00Z" finished-at="2019-09-05T18:55:41Z">
    <groups>
    </groups>
    <test name="Default test" duration-ms="101031" started-at="2019-09-05T18:54:00Z" finished-at="2019-09-05T18:55:41Z">
      <class name="scripts.caso0000_Flujo_Completo">
        <test-method status="PASS" signature="ejecutarBrowser()[pri:0, instance:scripts.caso0000_Flujo_Completo@6e3c1e69]" name="ejecutarBrowser" is-config="true" duration-ms="4737" started-at="2019-09-05T14:54:00Z" finished-at="2019-09-05T14:54:05Z">
          <reporter-output>
          </reporter-output>
        </test-method> <!-- ejecutarBrowser -->
        <test-method status="PASS" signature="ingresarRUT()[pri:1, instance:scripts.caso0000_Flujo_Completo@6e3c1e69]" name="ingresarRUT" duration-ms="3216" started-at="2019-09-05T14:54:05Z" finished-at="2019-09-05T14:54:08Z">
          <reporter-output>
          </reporter-output>
        </test-method> <!-- ingresarRUT -->
        <test-method status="PASS" signature="ingresarPASS()[pri:2, instance:scripts.caso0000_Flujo_Completo@6e3c1e69]" name="ingresarPASS" duration-ms="5387" started-at="2019-09-05T14:54:08Z" finished-at="2019-09-05T14:54:13Z">
          <reporter-output>
          </reporter-output>
        </test-method> <!-- ingresarPASS -->
        <test-method status="PASS" signature="ingresoDashboard()[pri:3, instance:scripts.caso0000_Flujo_Completo@6e3c1e69]" name="ingresoDashboard" duration-ms="3348" started-at="2019-09-05T14:54:13Z" finished-at="2019-09-05T14:54:17Z">
          <reporter-output>
          </reporter-output>
        </test-method> <!-- ingresoDashboard -->
        <test-method status="PASS" signature="iniciandoLlamada()[pri:4, instance:scripts.caso0000_Flujo_Completo@6e3c1e69]" name="iniciandoLlamada" duration-ms="10452" started-at="2019-09-05T14:54:17Z" finished-at="2019-09-05T14:54:27Z">
          <reporter-output>
          </reporter-output>
        </test-method> <!-- iniciandoLlamada -->
        <test-method status="PASS" signature="enviarMensajeDuranteLlamada()[pri:5, instance:scripts.caso0000_Flujo_Completo@6e3c1e69]" name="enviarMensajeDuranteLlamada" duration-ms="7810" started-at="2019-09-05T14:54:27Z" finished-at="2019-09-05T14:54:35Z">
          <reporter-output>
          </reporter-output>
        </test-method> <!-- enviarMensajeDuranteLlamada -->
        <test-method status="PASS" signature="finalizarLlamada()[pri:6, instance:scripts.caso0000_Flujo_Completo@6e3c1e69]" name="finalizarLlamada" duration-ms="8476" started-at="2019-09-05T14:54:35Z" finished-at="2019-09-05T14:54:43Z">
          <reporter-output>
          </reporter-output>
        </test-method> <!-- finalizarLlamada -->
        <test-method status="PASS" signature="modificarDatosClienteNombre()[pri:7, instance:scripts.caso0000_Flujo_Completo@6e3c1e69]" name="modificarDatosClienteNombre" duration-ms="4805" started-at="2019-09-05T14:54:43Z" finished-at="2019-09-05T14:54:48Z">
          <reporter-output>
          </reporter-output>
        </test-method> <!-- modificarDatosClienteNombre -->
        <test-method status="PASS" signature="modificarDatosClienteApeliido()[pri:8, instance:scripts.caso0000_Flujo_Completo@6e3c1e69]" name="modificarDatosClienteApeliido" duration-ms="4626" started-at="2019-09-05T14:54:48Z" finished-at="2019-09-05T14:54:53Z">
          <reporter-output>
          </reporter-output>
        </test-method> <!-- modificarDatosClienteApeliido -->
        <test-method status="PASS" signature="modificarDatosClienteRUT()[pri:9, instance:scripts.caso0000_Flujo_Completo@6e3c1e69]" name="modificarDatosClienteRUT" duration-ms="4730" started-at="2019-09-05T14:54:53Z" finished-at="2019-09-05T14:54:58Z">
          <reporter-output>
          </reporter-output>
        </test-method> <!-- modificarDatosClienteRUT -->
        <test-method status="PASS" signature="modificarDatosClienteFDN()[pri:10, instance:scripts.caso0000_Flujo_Completo@6e3c1e69]" name="modificarDatosClienteFDN" duration-ms="4776" started-at="2019-09-05T14:54:58Z" finished-at="2019-09-05T14:55:02Z">
          <reporter-output>
          </reporter-output>
        </test-method> <!-- modificarDatosClienteFDN -->
        <test-method status="PASS" signature="modificarDatosClienteAfpActual()[pri:11, instance:scripts.caso0000_Flujo_Completo@6e3c1e69]" name="modificarDatosClienteAfpActual" duration-ms="4898" started-at="2019-09-05T14:55:02Z" finished-at="2019-09-05T14:55:07Z">
          <reporter-output>
          </reporter-output>
        </test-method> <!-- modificarDatosClienteAfpActual -->
        <test-method status="PASS" signature="modificarDatosClienteGenero()[pri:12, instance:scripts.caso0000_Flujo_Completo@6e3c1e69]" name="modificarDatosClienteGenero" duration-ms="5089" started-at="2019-09-05T14:55:07Z" finished-at="2019-09-05T14:55:12Z">
          <reporter-output>
          </reporter-output>
        </test-method> <!-- modificarDatosClienteGenero -->
        <test-method status="PASS" signature="modificarDatosClienteTelefono()[pri:13, instance:scripts.caso0000_Flujo_Completo@6e3c1e69]" name="modificarDatosClienteTelefono" duration-ms="4610" started-at="2019-09-05T14:55:12Z" finished-at="2019-09-05T14:55:17Z">
          <reporter-output>
          </reporter-output>
        </test-method> <!-- modificarDatosClienteTelefono -->
        <test-method status="PASS" signature="modificarDatosClienteCorreo()[pri:14, instance:scripts.caso0000_Flujo_Completo@6e3c1e69]" name="modificarDatosClienteCorreo" duration-ms="4567" started-at="2019-09-05T14:55:17Z" finished-at="2019-09-05T14:55:22Z">
          <reporter-output>
          </reporter-output>
        </test-method> <!-- modificarDatosClienteCorreo -->
        <test-method status="PASS" signature="seleccionDeEstadoCierre()[pri:15, instance:scripts.caso0000_Flujo_Completo@6e3c1e69]" name="seleccionDeEstadoCierre" duration-ms="3128" started-at="2019-09-05T14:55:22Z" finished-at="2019-09-05T14:55:25Z">
          <reporter-output>
          </reporter-output>
        </test-method> <!-- seleccionDeEstadoCierre -->
        <test-method status="PASS" signature="agregarNota()[pri:16, instance:scripts.caso0000_Flujo_Completo@6e3c1e69]" name="agregarNota" duration-ms="2190" started-at="2019-09-05T14:55:25Z" finished-at="2019-09-05T14:55:27Z">
          <reporter-output>
          </reporter-output>
        </test-method> <!-- agregarNota -->
        <test-method status="PASS" signature="modificarDatoClienteNombre()[pri:17, instance:scripts.caso0000_Flujo_Completo@6e3c1e69]" name="modificarDatoClienteNombre" duration-ms="2168" started-at="2019-09-05T14:55:27Z" finished-at="2019-09-05T14:55:29Z">
          <reporter-output>
          </reporter-output>
        </test-method> <!-- modificarDatoClienteNombre -->
        <test-method status="PASS" signature="guardarDatos()[pri:18, instance:scripts.caso0000_Flujo_Completo@6e3c1e69]" name="guardarDatos" duration-ms="8499" started-at="2019-09-05T14:55:29Z" finished-at="2019-09-05T14:55:38Z">
          <reporter-output>
          </reporter-output>
        </test-method> <!-- guardarDatos -->
        <test-method status="SKIP" signature="cerrarSesion()[pri:19, instance:scripts.caso0000_Flujo_Completo@6e3c1e69]" name="cerrarSesion" duration-ms="480" started-at="2019-09-05T14:55:38Z" finished-at="2019-09-05T14:55:38Z">
          <exception class="org.testng.SkipException">
            <message>
              <![CDATA[
 =============================================================== 
 Mensaje de Error: contact the automation. 
    * Exception: org.openqa.selenium.NoSuchElementException: no such element: Unable to locate element: {"method":"xpath","selector":"//*[@id="root"]/div/header/button"}
  (Session info: chrome=76.0.3809.132)
  (Driver info: chromedriver=2.44.609545 (c2f88692e98ce7233d2df7c724465ecacfe74df5),platform=Mac OS X 10.13.6 x86_64) (WARNING: The server did not provide any stacktrace information)
Command duration or timeout: 0 milliseconds
For documentation on this error, please visit: https://www.seleniumhq.org/exceptions/no_such_element.html
Build info: version: '3.141.59', revision: 'e82be7d358', time: '2018-11-14T08:17:03'
System info: host: 'MacBook-Pro-de-Pablo.local', ip: 'fe80:0:0:0:812:af57:9f1d:8a65%en0', os.name: 'Mac OS X', os.arch: 'x86_64', os.version: '10.13.6', java.version: '1.8.0_221'
Driver info: org.openqa.selenium.chrome.ChromeDriver
Capabilities {acceptInsecureCerts: false, acceptSslCerts: false, applicationCacheEnabled: false, browserConnectionEnabled: false, browserName: chrome, chrome: {chromedriverVersion: 2.44.609545 (c2f88692e98ce7..., userDataDir: /var/folders/05/t_68wk0d4l9...}, cssSelectorsEnabled: true, databaseEnabled: false, goog:chromeOptions: {debuggerAddress: localhost:57541}, handlesAlerts: true, hasTouchScreen: false, javascriptEnabled: true, locationContextEnabled: true, mobileEmulationEnabled: false, nativeEvents: true, networkConnectionEnabled: false, pageLoadStrategy: normal, platform: MAC, platformName: MAC, rotatable: false, setWindowRect: true, takesHeapSnapshot: true, takesScreenshot: true, unexpectedAlertBehaviour: ignore, unhandledPromptBehavior: ignore, version: 76.0.3809.132, webStorageEnabled: true}
Session ID: fa73efc8130b506bc4af705f73f15399
*** Element info: {Using=xpath, value=//*[@id="root"]/div/header/button}
    * Message: no such element: Unable to locate element: {"method":"xpath","selector":"//*[@id="root"]/div/header/button"}
  (Session info: chrome=76.0.3809.132)
  (Driver info: chromedriver=2.44.609545 (c2f88692e98ce7233d2df7c724465ecacfe74df5),platform=Mac OS X 10.13.6 x86_64) (WARNING: The server did not provide any stacktrace information)
Command duration or timeout: 0 milliseconds
For documentation on this error, please visit: https://www.seleniumhq.org/exceptions/no_such_element.html
Build info: version: '3.141.59', revision: 'e82be7d358', time: '2018-11-14T08:17:03'
System info: host: 'MacBook-Pro-de-Pablo.local', ip: 'fe80:0:0:0:812:af57:9f1d:8a65%en0', os.name: 'Mac OS X', os.arch: 'x86_64', os.version: '10.13.6', java.version: '1.8.0_221'
Driver info: org.openqa.selenium.chrome.ChromeDriver
Capabilities {acceptInsecureCerts: false, acceptSslCerts: false, applicationCacheEnabled: false, browserConnectionEnabled: false, browserName: chrome, chrome: {chromedriverVersion: 2.44.609545 (c2f88692e98ce7..., userDataDir: /var/folders/05/t_68wk0d4l9...}, cssSelectorsEnabled: true, databaseEnabled: false, goog:chromeOptions: {debuggerAddress: localhost:57541}, handlesAlerts: true, hasTouchScreen: false, javascriptEnabled: true, locationContextEnabled: true, mobileEmulationEnabled: false, nativeEvents: true, networkConnectionEnabled: false, pageLoadStrategy: normal, platform: MAC, platformName: MAC, rotatable: false, setWindowRect: true, takesHeapSnapshot: true, takesScreenshot: true, unexpectedAlertBehaviour: ignore, unhandledPromptBehavior: ignore, version: 76.0.3809.132, webStorageEnabled: true}
Session ID: fa73efc8130b506bc4af705f73f15399
*** Element info: {Using=xpath, value=//*[@id="root"]/div/header/button}
    * Localized Message: no such element: Unable to locate element: {"method":"xpath","selector":"//*[@id="root"]/div/header/button"}
  (Session info: chrome=76.0.3809.132)
  (Driver info: chromedriver=2.44.609545 (c2f88692e98ce7233d2df7c724465ecacfe74df5),platform=Mac OS X 10.13.6 x86_64) (WARNING: The server did not provide any stacktrace information)
Command duration or timeout: 0 milliseconds
For documentation on this error, please visit: https://www.seleniumhq.org/exceptions/no_such_element.html
Build info: version: '3.141.59', revision: 'e82be7d358', time: '2018-11-14T08:17:03'
System info: host: 'MacBook-Pro-de-Pablo.local', ip: 'fe80:0:0:0:812:af57:9f1d:8a65%en0', os.name: 'Mac OS X', os.arch: 'x86_64', os.version: '10.13.6', java.version: '1.8.0_221'
Driver info: org.openqa.selenium.chrome.ChromeDriver
Capabilities {acceptInsecureCerts: false, acceptSslCerts: false, applicationCacheEnabled: false, browserConnectionEnabled: false, browserName: chrome, chrome: {chromedriverVersion: 2.44.609545 (c2f88692e98ce7..., userDataDir: /var/folders/05/t_68wk0d4l9...}, cssSelectorsEnabled: true, databaseEnabled: false, goog:chromeOptions: {debuggerAddress: localhost:57541}, handlesAlerts: true, hasTouchScreen: false, javascriptEnabled: true, locationContextEnabled: true, mobileEmulationEnabled: false, nativeEvents: true, networkConnectionEnabled: false, pageLoadStrategy: normal, platform: MAC, platformName: MAC, rotatable: false, setWindowRect: true, takesHeapSnapshot: true, takesScreenshot: true, unexpectedAlertBehaviour: ignore, unhandledPromptBehavior: ignore, version: 76.0.3809.132, webStorageEnabled: true}
Session ID: fa73efc8130b506bc4af705f73f15399
*** Element info: {Using=xpath, value=//*[@id="root"]/div/header/button}
    * Cause: null
    * fillInStackTrace: org.openqa.selenium.NoSuchElementException: no such element: Unable to locate element: {"method":"xpath","selector":"//*[@id="root"]/div/header/button"}
  (Session info: chrome=76.0.3809.132)
  (Driver info: chromedriver=2.44.609545 (c2f88692e98ce7233d2df7c724465ecacfe74df5),platform=Mac OS X 10.13.6 x86_64) (WARNING: The server did not provide any stacktrace information)
Command duration or timeout: 0 milliseconds
For documentation on this error, please visit: https://www.seleniumhq.org/exceptions/no_such_element.html
Build info: version: '3.141.59', revision: 'e82be7d358', time: '2018-11-14T08:17:03'
System info: host: 'MacBook-Pro-de-Pablo.local', ip: 'fe80:0:0:0:812:af57:9f1d:8a65%en0', os.name: 'Mac OS X', os.arch: 'x86_64', os.version: '10.13.6', java.version: '1.8.0_221'
Driver info: org.openqa.selenium.chrome.ChromeDriver
Capabilities {acceptInsecureCerts: false, acceptSslCerts: false, applicationCacheEnabled: false, browserConnectionEnabled: false, browserName: chrome, chrome: {chromedriverVersion: 2.44.609545 (c2f88692e98ce7..., userDataDir: /var/folders/05/t_68wk0d4l9...}, cssSelectorsEnabled: true, databaseEnabled: false, goog:chromeOptions: {debuggerAddress: localhost:57541}, handlesAlerts: true, hasTouchScreen: false, javascriptEnabled: true, locationContextEnabled: true, mobileEmulationEnabled: false, nativeEvents: true, networkConnectionEnabled: false, pageLoadStrategy: normal, platform: MAC, platformName: MAC, rotatable: false, setWindowRect: true, takesHeapSnapshot: true, takesScreenshot: true, unexpectedAlertBehaviour: ignore, unhandledPromptBehavior: ignore, version: 76.0.3809.132, webStorageEnabled: true}
Session ID: fa73efc8130b506bc4af705f73f15399
*** Element info: {Using=xpath, value=//*[@id="root"]/div/header/button}
    * Clase: org.openqa.selenium.NoSuchElementException
    * Suppressed: [Ljava.lang.Throwable;@222eb8aa
 ===============================================================]]>
            </message>
            <full-stacktrace>
              <![CDATA[org.testng.SkipException: 
 =============================================================== 
 Mensaje de Error: contact the automation. 
    * Exception: org.openqa.selenium.NoSuchElementException: no such element: Unable to locate element: {"method":"xpath","selector":"//*[@id="root"]/div/header/button"}
  (Session info: chrome=76.0.3809.132)
  (Driver info: chromedriver=2.44.609545 (c2f88692e98ce7233d2df7c724465ecacfe74df5),platform=Mac OS X 10.13.6 x86_64) (WARNING: The server did not provide any stacktrace information)
Command duration or timeout: 0 milliseconds
For documentation on this error, please visit: https://www.seleniumhq.org/exceptions/no_such_element.html
Build info: version: '3.141.59', revision: 'e82be7d358', time: '2018-11-14T08:17:03'
System info: host: 'MacBook-Pro-de-Pablo.local', ip: 'fe80:0:0:0:812:af57:9f1d:8a65%en0', os.name: 'Mac OS X', os.arch: 'x86_64', os.version: '10.13.6', java.version: '1.8.0_221'
Driver info: org.openqa.selenium.chrome.ChromeDriver
Capabilities {acceptInsecureCerts: false, acceptSslCerts: false, applicationCacheEnabled: false, browserConnectionEnabled: false, browserName: chrome, chrome: {chromedriverVersion: 2.44.609545 (c2f88692e98ce7..., userDataDir: /var/folders/05/t_68wk0d4l9...}, cssSelectorsEnabled: true, databaseEnabled: false, goog:chromeOptions: {debuggerAddress: localhost:57541}, handlesAlerts: true, hasTouchScreen: false, javascriptEnabled: true, locationContextEnabled: true, mobileEmulationEnabled: false, nativeEvents: true, networkConnectionEnabled: false, pageLoadStrategy: normal, platform: MAC, platformName: MAC, rotatable: false, setWindowRect: true, takesHeapSnapshot: true, takesScreenshot: true, unexpectedAlertBehaviour: ignore, unhandledPromptBehavior: ignore, version: 76.0.3809.132, webStorageEnabled: true}
Session ID: fa73efc8130b506bc4af705f73f15399
*** Element info: {Using=xpath, value=//*[@id="root"]/div/header/button}
    * Message: no such element: Unable to locate element: {"method":"xpath","selector":"//*[@id="root"]/div/header/button"}
  (Session info: chrome=76.0.3809.132)
  (Driver info: chromedriver=2.44.609545 (c2f88692e98ce7233d2df7c724465ecacfe74df5),platform=Mac OS X 10.13.6 x86_64) (WARNING: The server did not provide any stacktrace information)
Command duration or timeout: 0 milliseconds
For documentation on this error, please visit: https://www.seleniumhq.org/exceptions/no_such_element.html
Build info: version: '3.141.59', revision: 'e82be7d358', time: '2018-11-14T08:17:03'
System info: host: 'MacBook-Pro-de-Pablo.local', ip: 'fe80:0:0:0:812:af57:9f1d:8a65%en0', os.name: 'Mac OS X', os.arch: 'x86_64', os.version: '10.13.6', java.version: '1.8.0_221'
Driver info: org.openqa.selenium.chrome.ChromeDriver
Capabilities {acceptInsecureCerts: false, acceptSslCerts: false, applicationCacheEnabled: false, browserConnectionEnabled: false, browserName: chrome, chrome: {chromedriverVersion: 2.44.609545 (c2f88692e98ce7..., userDataDir: /var/folders/05/t_68wk0d4l9...}, cssSelectorsEnabled: true, databaseEnabled: false, goog:chromeOptions: {debuggerAddress: localhost:57541}, handlesAlerts: true, hasTouchScreen: false, javascriptEnabled: true, locationContextEnabled: true, mobileEmulationEnabled: false, nativeEvents: true, networkConnectionEnabled: false, pageLoadStrategy: normal, platform: MAC, platformName: MAC, rotatable: false, setWindowRect: true, takesHeapSnapshot: true, takesScreenshot: true, unexpectedAlertBehaviour: ignore, unhandledPromptBehavior: ignore, version: 76.0.3809.132, webStorageEnabled: true}
Session ID: fa73efc8130b506bc4af705f73f15399
*** Element info: {Using=xpath, value=//*[@id="root"]/div/header/button}
    * Localized Message: no such element: Unable to locate element: {"method":"xpath","selector":"//*[@id="root"]/div/header/button"}
  (Session info: chrome=76.0.3809.132)
  (Driver info: chromedriver=2.44.609545 (c2f88692e98ce7233d2df7c724465ecacfe74df5),platform=Mac OS X 10.13.6 x86_64) (WARNING: The server did not provide any stacktrace information)
Command duration or timeout: 0 milliseconds
For documentation on this error, please visit: https://www.seleniumhq.org/exceptions/no_such_element.html
Build info: version: '3.141.59', revision: 'e82be7d358', time: '2018-11-14T08:17:03'
System info: host: 'MacBook-Pro-de-Pablo.local', ip: 'fe80:0:0:0:812:af57:9f1d:8a65%en0', os.name: 'Mac OS X', os.arch: 'x86_64', os.version: '10.13.6', java.version: '1.8.0_221'
Driver info: org.openqa.selenium.chrome.ChromeDriver
Capabilities {acceptInsecureCerts: false, acceptSslCerts: false, applicationCacheEnabled: false, browserConnectionEnabled: false, browserName: chrome, chrome: {chromedriverVersion: 2.44.609545 (c2f88692e98ce7..., userDataDir: /var/folders/05/t_68wk0d4l9...}, cssSelectorsEnabled: true, databaseEnabled: false, goog:chromeOptions: {debuggerAddress: localhost:57541}, handlesAlerts: true, hasTouchScreen: false, javascriptEnabled: true, locationContextEnabled: true, mobileEmulationEnabled: false, nativeEvents: true, networkConnectionEnabled: false, pageLoadStrategy: normal, platform: MAC, platformName: MAC, rotatable: false, setWindowRect: true, takesHeapSnapshot: true, takesScreenshot: true, unexpectedAlertBehaviour: ignore, unhandledPromptBehavior: ignore, version: 76.0.3809.132, webStorageEnabled: true}
Session ID: fa73efc8130b506bc4af705f73f15399
*** Element info: {Using=xpath, value=//*[@id="root"]/div/header/button}
    * Cause: null
    * fillInStackTrace: org.openqa.selenium.NoSuchElementException: no such element: Unable to locate element: {"method":"xpath","selector":"//*[@id="root"]/div/header/button"}
  (Session info: chrome=76.0.3809.132)
  (Driver info: chromedriver=2.44.609545 (c2f88692e98ce7233d2df7c724465ecacfe74df5),platform=Mac OS X 10.13.6 x86_64) (WARNING: The server did not provide any stacktrace information)
Command duration or timeout: 0 milliseconds
For documentation on this error, please visit: https://www.seleniumhq.org/exceptions/no_such_element.html
Build info: version: '3.141.59', revision: 'e82be7d358', time: '2018-11-14T08:17:03'
System info: host: 'MacBook-Pro-de-Pablo.local', ip: 'fe80:0:0:0:812:af57:9f1d:8a65%en0', os.name: 'Mac OS X', os.arch: 'x86_64', os.version: '10.13.6', java.version: '1.8.0_221'
Driver info: org.openqa.selenium.chrome.ChromeDriver
Capabilities {acceptInsecureCerts: false, acceptSslCerts: false, applicationCacheEnabled: false, browserConnectionEnabled: false, browserName: chrome, chrome: {chromedriverVersion: 2.44.609545 (c2f88692e98ce7..., userDataDir: /var/folders/05/t_68wk0d4l9...}, cssSelectorsEnabled: true, databaseEnabled: false, goog:chromeOptions: {debuggerAddress: localhost:57541}, handlesAlerts: true, hasTouchScreen: false, javascriptEnabled: true, locationContextEnabled: true, mobileEmulationEnabled: false, nativeEvents: true, networkConnectionEnabled: false, pageLoadStrategy: normal, platform: MAC, platformName: MAC, rotatable: false, setWindowRect: true, takesHeapSnapshot: true, takesScreenshot: true, unexpectedAlertBehaviour: ignore, unhandledPromptBehavior: ignore, version: 76.0.3809.132, webStorageEnabled: true}
Session ID: fa73efc8130b506bc4af705f73f15399
*** Element info: {Using=xpath, value=//*[@id="root"]/div/header/button}
    * Clase: org.openqa.selenium.NoSuchElementException
    * Suppressed: [Ljava.lang.Throwable;@222eb8aa
 ===============================================================
	at Tools.tools.skipScript(tools.java:205)
	at scripts.caso0000_Flujo_Completo.cerrarSesion(caso0000_Flujo_Completo.java:509)
	at sun.reflect.NativeMethodAccessorImpl.invoke0(Native Method)
	at sun.reflect.NativeMethodAccessorImpl.invoke(NativeMethodAccessorImpl.java:62)
	at sun.reflect.DelegatingMethodAccessorImpl.invoke(DelegatingMethodAccessorImpl.java:43)
	at java.lang.reflect.Method.invoke(Method.java:498)
	at org.testng.internal.MethodInvocationHelper.invokeMethod(MethodInvocationHelper.java:86)
	at org.testng.internal.Invoker.invokeMethod(Invoker.java:645)
	at org.testng.internal.Invoker.invokeTestMethod(Invoker.java:822)
	at org.testng.internal.Invoker.invokeTestMethods(Invoker.java:1130)
	at org.testng.internal.TestMethodWorker.invokeTestMethods(TestMethodWorker.java:129)
	at org.testng.internal.TestMethodWorker.run(TestMethodWorker.java:112)
	at org.testng.TestRunner.privateRun(TestRunner.java:782)
	at org.testng.TestRunner.run(TestRunner.java:632)
	at org.testng.SuiteRunner.runTest(SuiteRunner.java:366)
	at org.testng.SuiteRunner.runSequentially(SuiteRunner.java:361)
	at org.testng.SuiteRunner.privateRun(SuiteRunner.java:319)
	at org.testng.SuiteRunner.run(SuiteRunner.java:268)
	at org.testng.SuiteRunnerWorker.runSuite(SuiteRunnerWorker.java:52)
	at org.testng.SuiteRunnerWorker.run(SuiteRunnerWorker.java:86)
	at org.testng.TestNG.runSuitesSequentially(TestNG.java:1244)
	at org.testng.TestNG.runSuitesLocally(TestNG.java:1169)
	at org.testng.TestNG.run(TestNG.java:1064)
	at org.testng.remote.RemoteTestNG.run(RemoteTestNG.java:113)
	at org.testng.remote.RemoteTestNG.initAndRun(RemoteTestNG.java:206)
	at org.testng.remote.RemoteTestNG.main(RemoteTestNG.java:177)
]]>
            </full-stacktrace>
          </exception> <!-- org.testng.SkipException -->
          <reporter-output>
          </reporter-output>
        </test-method> <!-- cerrarSesion -->
        <test-method status="PASS" signature="cargarEvidencias()[pri:20, instance:scripts.caso0000_Flujo_Completo@6e3c1e69]" name="cargarEvidencias" duration-ms="3008" started-at="2019-09-05T14:55:38Z" finished-at="2019-09-05T14:55:41Z">
          <reporter-output>
          </reporter-output>
        </test-method> <!-- cargarEvidencias -->
        <test-method status="FAIL" signature="cerrarBrowser()[pri:0, instance:scripts.caso0000_Flujo_Completo@6e3c1e69]" name="cerrarBrowser" is-config="true" duration-ms="0" started-at="2019-09-05T14:55:41Z" finished-at="2019-09-05T14:55:41Z">
          <exception class="org.openqa.selenium.NoSuchSessionException">
            <message>
              <![CDATA[Session ID is null. Using WebDriver after calling quit()?
Build info: version: '3.141.59', revision: 'e82be7d358', time: '2018-11-14T08:17:03'
System info: host: 'MacBook-Pro-de-Pablo.local', ip: 'fe80:0:0:0:812:af57:9f1d:8a65%en0', os.name: 'Mac OS X', os.arch: 'x86_64', os.version: '10.13.6', java.version: '1.8.0_221'
Driver info: driver.version: RemoteWebDriver]]>
            </message>
            <full-stacktrace>
              <![CDATA[org.openqa.selenium.NoSuchSessionException: Session ID is null. Using WebDriver after calling quit()?
Build info: version: '3.141.59', revision: 'e82be7d358', time: '2018-11-14T08:17:03'
System info: host: 'MacBook-Pro-de-Pablo.local', ip: 'fe80:0:0:0:812:af57:9f1d:8a65%en0', os.name: 'Mac OS X', os.arch: 'x86_64', os.version: '10.13.6', java.version: '1.8.0_221'
Driver info: driver.version: RemoteWebDriver
	at org.openqa.selenium.remote.HttpCommandExecutor.execute(HttpCommandExecutor.java:125)
	at org.openqa.selenium.remote.service.DriverCommandExecutor.execute(DriverCommandExecutor.java:83)
	at org.openqa.selenium.remote.RemoteWebDriver.execute(RemoteWebDriver.java:552)
	at org.openqa.selenium.remote.RemoteWebDriver.execute(RemoteWebDriver.java:609)
	at org.openqa.selenium.remote.RemoteWebDriver.close(RemoteWebDriver.java:442)
	at Tools.tools.stop(tools.java:122)
	at Tools.tools.skipScript(tools.java:204)
	at scripts.caso0000_Flujo_Completo.cerrarBrowser(caso0000_Flujo_Completo.java:559)
	at sun.reflect.NativeMethodAccessorImpl.invoke0(Native Method)
	at sun.reflect.NativeMethodAccessorImpl.invoke(NativeMethodAccessorImpl.java:62)
	at sun.reflect.DelegatingMethodAccessorImpl.invoke(DelegatingMethodAccessorImpl.java:43)
	at java.lang.reflect.Method.invoke(Method.java:498)
	at org.testng.internal.MethodInvocationHelper.invokeMethod(MethodInvocationHelper.java:86)
	at org.testng.internal.Invoker.invokeConfigurationMethod(Invoker.java:514)
	at org.testng.internal.Invoker.invokeConfigurations(Invoker.java:215)
	at org.testng.internal.Invoker.invokeConfigurations(Invoker.java:142)
	at org.testng.TestRunner.afterRun(TestRunner.java:1012)
	at org.testng.TestRunner.run(TestRunner.java:636)
	at org.testng.SuiteRunner.runTest(SuiteRunner.java:366)
	at org.testng.SuiteRunner.runSequentially(SuiteRunner.java:361)
	at org.testng.SuiteRunner.privateRun(SuiteRunner.java:319)
	at org.testng.SuiteRunner.run(SuiteRunner.java:268)
	at org.testng.SuiteRunnerWorker.runSuite(SuiteRunnerWorker.java:52)
	at org.testng.SuiteRunnerWorker.run(SuiteRunnerWorker.java:86)
	at org.testng.TestNG.runSuitesSequentially(TestNG.java:1244)
	at org.testng.TestNG.runSuitesLocally(TestNG.java:1169)
	at org.testng.TestNG.run(TestNG.java:1064)
	at org.testng.remote.RemoteTestNG.run(RemoteTestNG.java:113)
	at org.testng.remote.RemoteTestNG.initAndRun(RemoteTestNG.java:206)
	at org.testng.remote.RemoteTestNG.main(RemoteTestNG.java:177)
]]>
            </full-stacktrace>
          </exception> <!-- org.openqa.selenium.NoSuchSessionException -->
          <reporter-output>
          </reporter-output>
        </test-method> <!-- cerrarBrowser -->
      </class> <!-- scripts.caso0000_Flujo_Completo -->
    </test> <!-- Default test -->
  </suite> <!-- Default suite -->
</testng-results>
